# JRE version: Java(TM) SE Runtime Environment (7.0_51-b13) (build 1.7.0_51-b13)
# Java VM: Java HotSpot(TM) 64-Bit Server VM (24.51-b03 mixed mode bsd-amd64 compressed oops)
Heap
 PSYoungGen      total 35328K, used 6142K [0x0000000138d00000, 0x000000013b400000, 0x000000014e280000)
  eden space 32768K, 11% used [0x0000000138d00000,0x0000000139087a68,0x000000013ad00000)
  from space 2560K, 98% used [0x000000013ae00000,0x000000013b078050,0x000000013b080000)
  to   space 3584K, 0% used [0x000000013b080000,0x000000013b080000,0x000000013b400000)
 ParOldGen       total 43520K, used 1040K [0x000000010e280000, 0x0000000110d00000, 0x0000000138d00000)
  object space 43520K, 2% used [0x000000010e280000,0x000000010e384060,0x0000000110d00000)
 PSPermGen       total 21504K, used 6346K [0x0000000109080000, 0x000000010a580000, 0x000000010e280000)
  object space 21504K, 29% used [0x0000000109080000,0x00000001096b2990,0x000000010a580000)
GC Heap History (10 events):
Event: 1.478 GC heap before
{Heap before GC invocations=1 (full 0):
 PSYoungGen      total 19456K, used 16896K [0x0000000138d00000, 0x000000013a280000, 0x000000014e280000)
  eden space 16896K, 100% used [0x0000000138d00000,0x0000000139d80000,0x0000000139d80000)
  from space 2560K, 0% used [0x000000013a000000,0x000000013a000000,0x000000013a280000)
  to   space 2560K, 0% used [0x0000000139d80000,0x0000000139d80000,0x000000013a000000)
 ParOldGen       total 43520K, used 0K [0x000000010e280000, 0x0000000110d00000, 0x0000000138d00000)
  object space 43520K, 0% used [0x000000010e280000,0x000000010e280000,0x0000000110d00000)
 PSPermGen       total 21504K, used 6287K [0x0000000109080000, 0x000000010a580000, 0x000000010e280000)
  object space 21504K, 29% used [0x0000000109080000,0x00000001096a3ce8,0x000000010a580000)
Event: 1.504 GC heap after
Heap after GC invocations=1 (full 0):
 PSYoungGen      total 19456K, used 2528K [0x0000000138d00000, 0x000000013b300000, 0x000000014e280000)
  eden space 16896K, 0% used [0x0000000138d00000,0x0000000138d00000,0x0000000139d80000)
  from space 2560K, 98% used [0x0000000139d80000,0x0000000139ff8050,0x000000013a000000)
  to   space 2560K, 0% used [0x000000013b080000,0x000000013b080000,0x000000013b300000)
 ParOldGen       total 43520K, used 984K [0x000000010e280000, 0x0000000110d00000, 0x0000000138d00000)
  object space 43520K, 2% used [0x000000010e280000,0x000000010e376060,0x0000000110d00000)
 PSPermGen       total 21504K, used 6287K [0x0000000109080000, 0x000000010a580000, 0x000000010e280000)
  object space 21504K, 29% used [0x0000000109080000,0x00000001096a3ce8,0x000000010a580000)
}
Event: 4.985 GC heap before
{Heap before GC invocations=2 (full 0):
 PSYoungGen      total 19456K, used 19424K [0x0000000138d00000, 0x000000013b300000, 0x000000014e280000)
  eden space 16896K, 100% used [0x0000000138d00000,0x0000000139d80000,0x0000000139d80000)
  from space 2560K, 98% used [0x0000000139d80000,0x0000000139ff8050,0x000000013a000000)
  to   space 2560K, 0% used [0x000000013b080000,0x000000013b080000,0x000000013b300000)
 ParOldGen       total 43520K, used 984K [0x000000010e280000, 0x0000000110d00000, 0x0000000138d00000)
  object space 43520K, 2% used [0x000000010e280000,0x000000010e376060,0x0000000110d00000)
 PSPermGen       total 21504K, used 6300K [0x0000000109080000, 0x000000010a580000, 0x000000010e280000)
  object space 21504K, 29% used [0x0000000109080000,0x00000001096a7048,0x000000010a580000)
Event: 4.998 GC heap after
Heap after GC invocations=2 (full 0):
 PSYoungGen      total 36352K, used 2528K [0x0000000138d00000, 0x000000013b300000, 0x000000014e280000)
  eden space 33792K, 0% used [0x0000000138d00000,0x0000000138d00000,0x000000013ae00000)
  from space 2560K, 98% used [0x000000013b080000,0x000000013b2f8050,0x000000013b300000)
  to   space 2560K, 0% used [0x000000013ae00000,0x000000013ae00000,0x000000013b080000)
 ParOldGen       total 43520K, used 1016K [0x000000010e280000, 0x0000000110d00000, 0x0000000138d00000)
  object space 43520K, 2% used [0x000000010e280000,0x000000010e37e060,0x0000000110d00000)
 PSPermGen       total 21504K, used 6300K [0x0000000109080000, 0x000000010a580000, 0x000000010e280000)
  object space 21504K, 29% used [0x0000000109080000,0x00000001096a7048,0x000000010a580000)
}
Event: 11.478 GC heap before
{Heap before GC invocations=3 (full 0):
 PSYoungGen      total 36352K, used 36320K [0x0000000138d00000, 0x000000013b300000, 0x000000014e280000)
  eden space 33792K, 100% used [0x0000000138d00000,0x000000013ae00000,0x000000013ae00000)
  from space 2560K, 98% used [0x000000013b080000,0x000000013b2f8050,0x000000013b300000)
  to   space 2560K, 0% used [0x000000013ae00000,0x000000013ae00000,0x000000013b080000)
 ParOldGen       total 43520K, used 1016K [0x000000010e280000, 0x0000000110d00000, 0x0000000138d00000)
  object space 43520K, 2% used [0x000000010e280000,0x000000010e37e060,0x0000000110d00000)
 PSPermGen       total 21504K, used 6305K [0x0000000109080000, 0x000000010a580000, 0x000000010e280000)
  object space 21504K, 29% used [0x0000000109080000,0x00000001096a8710,0x000000010a580000)
Event: 11.487 GC heap after
Heap after GC invocations=3 (full 0):
 PSYoungGen      total 36352K, used 2544K [0x0000000138d00000, 0x000000013b300000, 0x000000014e280000)
  eden space 33792K, 0% used [0x0000000138d00000,0x0000000138d00000,0x000000013ae00000)
  from space 2560K, 99% used [0x000000013ae00000,0x000000013b07c040,0x000000013b080000)
  to   space 2560K, 0% used [0x000000013b080000,0x000000013b080000,0x000000013b300000)
 ParOldGen       total 43520K, used 1032K [0x000000010e280000, 0x0000000110d00000, 0x0000000138d00000)
  object space 43520K, 2% used [0x000000010e280000,0x000000010e382060,0x0000000110d00000)
 PSPermGen       total 21504K, used 6305K [0x0000000109080000, 0x000000010a580000, 0x000000010e280000)
  object space 21504K, 29% used [0x0000000109080000,0x00000001096a8710,0x000000010a580000)
}
Event: 12.369 GC heap before
{Heap before GC invocations=4 (full 0):
 PSYoungGen      total 36352K, used 36336K [0x0000000138d00000, 0x000000013b300000, 0x000000014e280000)
  eden space 33792K, 100% used [0x0000000138d00000,0x000000013ae00000,0x000000013ae00000)
  from space 2560K, 99% used [0x000000013ae00000,0x000000013b07c040,0x000000013b080000)
  to   space 2560K, 0% used [0x000000013b080000,0x000000013b080000,0x000000013b300000)
 ParOldGen       total 43520K, used 1032K [0x000000010e280000, 0x0000000110d00000, 0x0000000138d00000)
  object space 43520K, 2% used [0x000000010e280000,0x000000010e382060,0x0000000110d00000)
 PSPermGen       total 21504K, used 6306K [0x0000000109080000, 0x000000010a580000, 0x000000010e280000)
  object space 21504K, 29% used [0x0000000109080000,0x00000001096a88b8,0x000000010a580000)
Event: 12.380 GC heap after
Heap after GC invocations=4 (full 0):
 PSYoungGen      total 36352K, used 2544K [0x0000000138d00000, 0x000000013b300000, 0x000000014e280000)
  eden space 33792K, 0% used [0x0000000138d00000,0x0000000138d00000,0x000000013ae00000)
  from space 2560K, 99% used [0x000000013b080000,0x000000013b2fc040,0x000000013b300000)
  to   space 2560K, 0% used [0x000000013ae00000,0x000000013ae00000,0x000000013b080000)
 ParOldGen       total 43520K, used 1032K [0x000000010e280000, 0x0000000110d00000, 0x0000000138d00000)
  object space 43520K, 2% used [0x000000010e280000,0x000000010e382060,0x0000000110d00000)
 PSPermGen       total 21504K, used 6306K [0x0000000109080000, 0x000000010a580000, 0x000000010e280000)
  object space 21504K, 29% used [0x0000000109080000,0x00000001096a88b8,0x000000010a580000)
}
Event: 15.245 GC heap before
{Heap before GC invocations=5 (full 0):
 PSYoungGen      total 36352K, used 36336K [0x0000000138d00000, 0x000000013b300000, 0x000000014e280000)
  eden space 33792K, 100% used [0x0000000138d00000,0x000000013ae00000,0x000000013ae00000)
  from space 2560K, 99% used [0x000000013b080000,0x000000013b2fc040,0x000000013b300000)
  to   space 2560K, 0% used [0x000000013ae00000,0x000000013ae00000,0x000000013b080000)
 ParOldGen       total 43520K, used 1032K [0x000000010e280000, 0x0000000110d00000, 0x0000000138d00000)
  object space 43520K, 2% used [0x000000010e280000,0x000000010e382060,0x0000000110d00000)
 PSPermGen       total 21504K, used 6326K [0x0000000109080000, 0x000000010a580000, 0x000000010e280000)
  object space 21504K, 29% used [0x0000000109080000,0x00000001096adba8,0x000000010a580000)
Event: 15.254 GC heap after
Heap after GC invocations=5 (full 0):
 PSYoungGen      total 35328K, used 2528K [0x0000000138d00000, 0x000000013b400000, 0x000000014e280000)
  eden space 32768K, 0% used [0x0000000138d00000,0x0000000138d00000,0x000000013ad00000)
  from space 2560K, 98% used [0x000000013ae00000,0x000000013b078050,0x000000013b080000)
  to   space 3584K, 0% used [0x000000013b080000,0x000000013b080000,0x000000013b400000)
 ParOldGen       total 43520K, used 1040K [0x000000010e280000, 0x0000000110d00000, 0x0000000138d00000)
  object space 43520K, 2% used [0x000000010e280000,0x000000010e384060,0x0000000110d00000)
 PSPermGen       total 21504K, used 6326K [0x0000000109080000, 0x000000010a580000, 0x000000010e280000)
  object space 21504K, 29% used [0x0000000109080000,0x00000001096adba8,0x000000010a580000)
}

